Using pre-set license
Built from '2020.3/release' branch; Version is '2020.3.2f1 (8fd9074bf66c) revision 9427207'; Using compiler version '192528614'; Build Type 'Release'
OS: 'Windows 10 Education; OS build 19042.867; Version 2009; 64bit' Language: 'en' Physical Memory: 16344 MB
BatchMode: 1, IsHumanControllingUs: 0, StartBugReporterOnCrash: 0, Is64bit: 1, IsPro: 0

 COMMAND LINE ARGUMENTS:
D:\Programs\Unity\2020.3.2f1\Editor\Unity.exe
-adb2
-batchMode
-noUpm
-name
AssetImportWorker0
-projectPath
D:/unity_projects/IP_ikrig
-logFile
Logs/AssetImportWorker0.log
-srvPort
58634
Successfully changed project path to: D:/unity_projects/IP_ikrig
D:/unity_projects/IP_ikrig
Using Asset Import Pipeline V2.
Refreshing native plugins compatible for Editor in 18.47 ms, found 0 plugins.
Preloading 0 native plugins for Editor in 0.00 ms.
Initialize engine version: 2020.3.2f1 (8fd9074bf66c)
[Subsystems] Discovering subsystems at path D:/Programs/Unity/2020.3.2f1/Editor/Data/Resources/UnitySubsystems
[Subsystems] Discovering subsystems at path D:/unity_projects/IP_ikrig/Assets
GfxDevice: creating device client; threaded=0
Direct3D:
    Version:  Direct3D 11.0 [level 11.1]
    Renderer: NVIDIA GeForce GTX 1080 (ID=0x1b80)
    Vendor:   
    VRAM:     8079 MB
    Driver:   27.21.14.6589
Initialize mono
Mono path[0] = 'D:/Programs/Unity/2020.3.2f1/Editor/Data/Managed'
Mono path[1] = 'D:/Programs/Unity/2020.3.2f1/Editor/Data/MonoBleedingEdge/lib/mono/unityjit'
Mono config path = 'D:/Programs/Unity/2020.3.2f1/Editor/Data/MonoBleedingEdge/etc'
Using monoOptions --debugger-agent=transport=dt_socket,embedding=1,server=y,suspend=n,address=127.0.0.1:56560
Begin MonoManager ReloadAssembly
Registering precompiled unity dll's ...
Register platform support module: D:/Programs/Unity/2020.3.2f1/Editor/Data/PlaybackEngines/WindowsStandaloneSupport/UnityEditor.WindowsStandalone.Extensions.dll
Registered in 0.001295 seconds.
Native extension for WindowsStandalone target not found
Refreshing native plugins compatible for Editor in 19.62 ms, found 0 plugins.
Preloading 0 native plugins for Editor in 0.00 ms.
Invoked RoslynAnalysisRunner static constructor.
RoslynAnalysisRunner will not be running.
RoslynAnalysisRunner has terminated.
Mono: successfully reloaded assembly
- Completed reload, in  0.759 seconds
Platform modules already initialized, skipping
Registering precompiled user dll's ...
Registered in 0.000574 seconds.
Begin MonoManager ReloadAssembly
Native extension for WindowsStandalone target not found
Refreshing native plugins compatible for Editor in 0.18 ms, found 0 plugins.
Preloading 0 native plugins for Editor in 0.00 ms.
Invoked RoslynAnalysisRunner static constructor.
RoslynAnalysisRunner will not be running.
RoslynAnalysisRunner has terminated.
Mono: successfully reloaded assembly
- Completed reload, in  0.643 seconds
Platform modules already initialized, skipping
========================================================================
Worker process is ready to serve import requests
Launched and connected shader compiler UnityShaderCompiler.exe after 0.03 seconds
Refreshing native plugins compatible for Editor in 0.19 ms, found 0 plugins.
Preloading 0 native plugins for Editor in 0.00 ms.
Unloading 1115 Unused Serialized files (Serialized files now loaded: 0)
System memory in use before: 57.2 MB.
System memory in use after: 57.2 MB.

Unloading 10 unused Assets to reduce memory usage. Loaded Objects now: 1557.
Total: 1.509400 ms (FindLiveObjects: 0.191200 ms CreateObjectMapping: 0.062500 ms MarkObjects: 1.186700 ms  DeleteObjects: 0.068100 ms)

========================================================================
Received Import Request.
  path: Assets/IP_ikrig/Scripts
  artifactKey: Guid(4ff68dcf37266bd4abdd9b013757f45a) Importer(815301076,1909f56bfc062723c751e8b465ee728b)
Start importing Assets/IP_ikrig/Scripts using Guid(4ff68dcf37266bd4abdd9b013757f45a) Importer(815301076,1909f56bfc062723c751e8b465ee728b)  -> (artifact id: '31490afd18751f0c81dcd3e696a02502') in 0.006408 seconds
  Import took 0.008026 seconds .

========================================================================
Received Import Request.
  Time since last request: 18.717612 seconds.
  path: Assets/IP_ikrig/Scripts/IKRigMapping.cs
  artifactKey: Guid(48e8516d6a8fbc74a95f50409cbd1732) Importer(815301076,1909f56bfc062723c751e8b465ee728b)
Start importing Assets/IP_ikrig/Scripts/IKRigMapping.cs using Guid(48e8516d6a8fbc74a95f50409cbd1732) Importer(815301076,1909f56bfc062723c751e8b465ee728b)  -> (artifact id: '30cc44bbe3518ceabe4b5e7ca6a17ab4') in 0.058817 seconds
  Import took 0.060366 seconds .

========================================================================
Received Prepare
Registering precompiled user dll's ...
Registered in 0.000891 seconds.
Begin MonoManager ReloadAssembly
Native extension for WindowsStandalone target not found
Refreshing native plugins compatible for Editor in 0.19 ms, found 0 plugins.
Preloading 0 native plugins for Editor in 0.00 ms.
Invoked RoslynAnalysisRunner static constructor.
RoslynAnalysisRunner will not be running.
RoslynAnalysisRunner has terminated.
Mono: successfully reloaded assembly
- Completed reload, in  0.690 seconds
Platform modules already initialized, skipping
Refreshing native plugins compatible for Editor in 0.20 ms, found 0 plugins.
Preloading 0 native plugins for Editor in 0.00 ms.
Unloading 1111 Unused Serialized files (Serialized files now loaded: 0)
System memory in use before: 57.1 MB.
System memory in use after: 57.2 MB.

Unloading 5 unused Assets to reduce memory usage. Loaded Objects now: 1561.
Total: 1.442600 ms (FindLiveObjects: 0.190700 ms CreateObjectMapping: 0.053300 ms MarkObjects: 1.150300 ms  DeleteObjects: 0.046700 ms)

========================================================================
Received Prepare
Registering precompiled user dll's ...
Registered in 0.000694 seconds.
Begin MonoManager ReloadAssembly
Native extension for WindowsStandalone target not found
Refreshing native plugins compatible for Editor in 0.18 ms, found 0 plugins.
Preloading 0 native plugins for Editor in 0.00 ms.
Invoked RoslynAnalysisRunner static constructor.
RoslynAnalysisRunner will not be running.
RoslynAnalysisRunner has terminated.
Mono: successfully reloaded assembly
- Completed reload, in  0.617 seconds
Platform modules already initialized, skipping
Refreshing native plugins compatible for Editor in 0.18 ms, found 0 plugins.
Preloading 0 native plugins for Editor in 0.00 ms.
Unloading 1111 Unused Serialized files (Serialized files now loaded: 0)
System memory in use before: 57.1 MB.
System memory in use after: 57.2 MB.

Unloading 5 unused Assets to reduce memory usage. Loaded Objects now: 1564.
Total: 1.636500 ms (FindLiveObjects: 0.121500 ms CreateObjectMapping: 0.028700 ms MarkObjects: 1.445900 ms  DeleteObjects: 0.039600 ms)

========================================================================
Received Import Request.
  Time since last request: 2366.538134 seconds.
  path: Assets/IP_ikrig/Animations/ninja_walk_01.fbx
  artifactKey: Guid(81574a220d6bd7049a3f913044cf9bd2) Importer(815301076,1909f56bfc062723c751e8b465ee728b)
Start importing Assets/IP_ikrig/Animations/ninja_walk_01.fbx using Guid(81574a220d6bd7049a3f913044cf9bd2) Importer(815301076,1909f56bfc062723c751e8b465ee728b)  -> (artifact id: 'e41b44c7ffa2f314b7dfbdc73aa94d75') in 0.095529 seconds
  Import took 0.121568 seconds .

========================================================================
Received Import Request.
  Time since last request: 22.979282 seconds.
  path: Assets/IP_ikrig/Animations/ninja_walk_01.fbx
  artifactKey: Guid(81574a220d6bd7049a3f913044cf9bd2) Importer(815301076,1909f56bfc062723c751e8b465ee728b)
Start importing Assets/IP_ikrig/Animations/ninja_walk_01.fbx using Guid(81574a220d6bd7049a3f913044cf9bd2) Importer(815301076,1909f56bfc062723c751e8b465ee728b)  -> (artifact id: '95dcc0e36a6a31a2969c3e3f50cd3f7d') in 0.005220 seconds
  Import took 0.049018 seconds .

========================================================================
Received Import Request.
  Time since last request: 57.309864 seconds.
  path: Assets/IP_ikrig/Characters/Ninja_M.mat
  artifactKey: Guid(194480e8a8f77cb4cbadfb9671883cf8) Importer(815301076,1909f56bfc062723c751e8b465ee728b)
Start importing Assets/IP_ikrig/Characters/Ninja_M.mat using Guid(194480e8a8f77cb4cbadfb9671883cf8) Importer(815301076,1909f56bfc062723c751e8b465ee728b)  -> (artifact id: '467fdc61b053c3508f23c707b125945a') in 0.128678 seconds
  Import took 0.131651 seconds .

========================================================================
Received Import Request.
  Time since last request: 9.434537 seconds.
  path: Assets/IP_ikrig/Characters/Ninja_AnimCtl.controller
  artifactKey: Guid(4059c2d70b920de49a5ff194755ef98a) Importer(815301076,1909f56bfc062723c751e8b465ee728b)
Start importing Assets/IP_ikrig/Characters/Ninja_AnimCtl.controller using Guid(4059c2d70b920de49a5ff194755ef98a) Importer(815301076,1909f56bfc062723c751e8b465ee728b)  -> (artifact id: '7ce38b99a40ed75c6f35c220233f7da0') in 0.011334 seconds
  Import took 0.068339 seconds .

AssetImportWorkerClient::OnTransportError - code=2 error=End of file
